Collecting aiogram==3.13.1 (from -r requirements.txt (line 1))
  Using cached aiogram-3.13.1-py3-none-any.whl.metadata (7.5 kB)
Collecting fastapi==0.104.1 (from -r requirements.txt (line 2))
  Using cached fastapi-0.104.1-py3-none-any.whl.metadata (24 kB)
Collecting uvicorn==0.24.0 (from -r requirements.txt (line 3))
  Using cached uvicorn-0.24.0-py3-none-any.whl.metadata (6.4 kB)
Collecting sqlalchemy==2.0.23 (from -r requirements.txt (line 4))
  Using cached SQLAlchemy-2.0.23-py3-none-any.whl.metadata (9.6 kB)
Collecting asyncpg==0.29.0 (from -r requirements.txt (line 5))
  Using cached asyncpg-0.29.0.tar.gz (820 kB)
  Installing build dependencies: started
  Installing build dependencies: finished with status 'done'
  Getting requirements to build wheel: started
  Getting requirements to build wheel: finished with status 'done'
  Preparing metadata (pyproject.toml): started
  Preparing metadata (pyproject.toml): finished with status 'done'
Collecting redis==5.0.1 (from -r requirements.txt (line 6))
  Using cached redis-5.0.1-py3-none-any.whl.metadata (8.9 kB)
Collecting apscheduler==3.10.4 (from -r requirements.txt (line 7))
  Using cached APScheduler-3.10.4-py3-none-any.whl.metadata (5.7 kB)
Collecting pydantic-settings==2.1.0 (from -r requirements.txt (line 8))
  Using cached pydantic_settings-2.1.0-py3-none-any.whl.metadata (2.9 kB)
Collecting python-dotenv==1.0.0 (from -r requirements.txt (line 9))
  Using cached python_dotenv-1.0.0-py3-none-any.whl.metadata (21 kB)
Collecting aiofiles<24.2,>=23.2.1 (from aiogram==3.13.1->-r requirements.txt (line 1))
  Using cached aiofiles-24.1.0-py3-none-any.whl.metadata (10 kB)
Collecting aiohttp<3.11,>=3.9.0 (from aiogram==3.13.1->-r requirements.txt (line 1))
  Using cached aiohttp-3.10.11.tar.gz (7.6 MB)
  Installing build dependencies: started
  Installing build dependencies: finished with status 'done'
  Getting requirements to build wheel: started
  Getting requirements to build wheel: finished with status 'done'
  Preparing metadata (pyproject.toml): started
  Preparing metadata (pyproject.toml): finished with status 'done'
Collecting certifi>=2023.7.22 (from aiogram==3.13.1->-r requirements.txt (line 1))
  Using cached certifi-2026.1.4-py3-none-any.whl.metadata (2.5 kB)
Collecting magic-filter<1.1,>=1.0.12 (from aiogram==3.13.1->-r requirements.txt (line 1))
  Using cached magic_filter-1.0.12-py3-none-any.whl.metadata (1.5 kB)
Collecting pydantic<2.10,>=2.4.1 (from aiogram==3.13.1->-r requirements.txt (line 1))
  Using cached pydantic-2.9.2-py3-none-any.whl.metadata (149 kB)
Collecting typing-extensions<=5.0,>=4.7.0 (from aiogram==3.13.1->-r requirements.txt (line 1))
  Using cached typing_extensions-4.15.0-py3-none-any.whl.metadata (3.3 kB)
Collecting anyio<4.0.0,>=3.7.1 (from fastapi==0.104.1->-r requirements.txt (line 2))
  Using cached anyio-3.7.1-py3-none-any.whl.metadata (4.7 kB)
Collecting starlette<0.28.0,>=0.27.0 (from fastapi==0.104.1->-r requirements.txt (line 2))
  Using cached starlette-0.27.0-py3-none-any.whl.metadata (5.8 kB)
Collecting click>=7.0 (from uvicorn==0.24.0->-r requirements.txt (line 3))
  Using cached click-8.3.1-py3-none-any.whl.metadata (2.6 kB)
Collecting h11>=0.8 (from uvicorn==0.24.0->-r requirements.txt (line 3))
  Using cached h11-0.16.0-py3-none-any.whl.metadata (8.3 kB)
Collecting greenlet!=0.4.17 (from sqlalchemy==2.0.23->-r requirements.txt (line 4))
  Using cached greenlet-3.3.0-cp314-cp314-manylinux_2_24_x86_64.manylinux_2_28_x86_64.whl.metadata (4.1 kB)
Collecting six>=1.4.0 (from apscheduler==3.10.4->-r requirements.txt (line 7))
  Using cached six-1.17.0-py2.py3-none-any.whl.metadata (1.7 kB)
Collecting pytz (from apscheduler==3.10.4->-r requirements.txt (line 7))
  Using cached pytz-2025.2-py2.py3-none-any.whl.metadata (22 kB)
Collecting tzlocal!=3.*,>=2.0 (from apscheduler==3.10.4->-r requirements.txt (line 7))
  Using cached tzlocal-5.3.1-py3-none-any.whl.metadata (7.6 kB)
Collecting aiohappyeyeballs>=2.3.0 (from aiohttp<3.11,>=3.9.0->aiogram==3.13.1->-r requirements.txt (line 1))
  Using cached aiohappyeyeballs-2.6.1-py3-none-any.whl.metadata (5.9 kB)
Collecting aiosignal>=1.1.2 (from aiohttp<3.11,>=3.9.0->aiogram==3.13.1->-r requirements.txt (line 1))
  Using cached aiosignal-1.4.0-py3-none-any.whl.metadata (3.7 kB)
Collecting attrs>=17.3.0 (from aiohttp<3.11,>=3.9.0->aiogram==3.13.1->-r requirements.txt (line 1))
  Using cached attrs-25.4.0-py3-none-any.whl.metadata (10 kB)
Collecting frozenlist>=1.1.1 (from aiohttp<3.11,>=3.9.0->aiogram==3.13.1->-r requirements.txt (line 1))
  Using cached frozenlist-1.8.0-cp314-cp314-manylinux1_x86_64.manylinux_2_28_x86_64.manylinux_2_5_x86_64.whl.metadata (20 kB)
Collecting multidict<7.0,>=4.5 (from aiohttp<3.11,>=3.9.0->aiogram==3.13.1->-r requirements.txt (line 1))
  Using cached multidict-6.7.0-cp314-cp314-manylinux2014_x86_64.manylinux_2_17_x86_64.manylinux_2_28_x86_64.whl.metadata (5.3 kB)
Collecting yarl<2.0,>=1.12.0 (from aiohttp<3.11,>=3.9.0->aiogram==3.13.1->-r requirements.txt (line 1))
  Using cached yarl-1.22.0-cp314-cp314-manylinux2014_x86_64.manylinux_2_17_x86_64.manylinux_2_28_x86_64.whl.metadata (75 kB)
Collecting idna>=2.8 (from anyio<4.0.0,>=3.7.1->fastapi==0.104.1->-r requirements.txt (line 2))
  Using cached idna-3.11-py3-none-any.whl.metadata (8.4 kB)
Collecting sniffio>=1.1 (from anyio<4.0.0,>=3.7.1->fastapi==0.104.1->-r requirements.txt (line 2))
  Using cached sniffio-1.3.1-py3-none-any.whl.metadata (3.9 kB)
Collecting annotated-types>=0.6.0 (from pydantic<2.10,>=2.4.1->aiogram==3.13.1->-r requirements.txt (line 1))
  Using cached annotated_types-0.7.0-py3-none-any.whl.metadata (15 kB)
Collecting pydantic-core==2.23.4 (from pydantic<2.10,>=2.4.1->aiogram==3.13.1->-r requirements.txt (line 1))
  Downloading pydantic_core-2.23.4.tar.gz (402 kB)
  Installing build dependencies: started
  Installing build dependencies: finished with status 'done'
  Getting requirements to build wheel: started
  Getting requirements to build wheel: finished with status 'done'
  Installing backend dependencies: started
  Installing backend dependencies: finished with status 'done'
  Preparing metadata (pyproject.toml): started
  Preparing metadata (pyproject.toml): finished with status 'done'
Collecting propcache>=0.2.1 (from yarl<2.0,>=1.12.0->aiohttp<3.11,>=3.9.0->aiogram==3.13.1->-r requirements.txt (line 1))
  Downloading propcache-0.4.1-cp314-cp314-manylinux2014_x86_64.manylinux_2_17_x86_64.manylinux_2_28_x86_64.whl.metadata (13 kB)
Downloading aiogram-3.13.1-py3-none-any.whl (588 kB)
   ━━━━━━━━━━━━━━━━━━━━━━━ 588.7/588.7 kB 12.3 MB/s eta 0:00:00
Downloading fastapi-0.104.1-py3-none-any.whl (92 kB)
Downloading uvicorn-0.24.0-py3-none-any.whl (59 kB)
Downloading SQLAlchemy-2.0.23-py3-none-any.whl (1.9 MB)
   ━━━━━━━━━━━━━━━━━━━━━━━━━━━ 1.9/1.9 MB 23.8 MB/s eta 0:00:00
Downloading redis-5.0.1-py3-none-any.whl (250 kB)
Downloading APScheduler-3.10.4-py3-none-any.whl (59 kB)
Downloading pydantic_settings-2.1.0-py3-none-any.whl (11 kB)
Downloading python_dotenv-1.0.0-py3-none-any.whl (19 kB)
Downloading aiofiles-24.1.0-py3-none-any.whl (15 kB)
Downloading anyio-3.7.1-py3-none-any.whl (80 kB)
Downloading magic_filter-1.0.12-py3-none-any.whl (11 kB)
Downloading multidict-6.7.0-cp314-cp314-manylinux2014_x86_64.manylinux_2_17_x86_64.manylinux_2_28_x86_64.whl (248 kB)
Downloading pydantic-2.9.2-py3-none-any.whl (434 kB)
Downloading starlette-0.27.0-py3-none-any.whl (66 kB)
Using cached typing_extensions-4.15.0-py3-none-any.whl (44 kB)
Downloading yarl-1.22.0-cp314-cp314-manylinux2014_x86_64.manylinux_2_17_x86_64.manylinux_2_28_x86_64.whl (372 kB)
Downloading aiohappyeyeballs-2.6.1-py3-none-any.whl (15 kB)
Downloading aiosignal-1.4.0-py3-none-any.whl (7.5 kB)
Downloading annotated_types-0.7.0-py3-none-any.whl (13 kB)
Downloading attrs-25.4.0-py3-none-any.whl (67 kB)
Using cached certifi-2026.1.4-py3-none-any.whl (152 kB)
Downloading click-8.3.1-py3-none-any.whl (108 kB)
Downloading frozenlist-1.8.0-cp314-cp314-manylinux1_x86_64.manylinux_2_28_x86_64.manylinux_2_5_x86_64.whl (231 kB)
Downloading greenlet-3.3.0-cp314-cp314-manylinux_2_24_x86_64.manylinux_2_28_x86_64.whl (660 kB)
   ━━━━━━━━━━━━━━━━━━━━━━━ 660.2/660.2 kB 21.3 MB/s eta 0:00:00
Using cached h11-0.16.0-py3-none-any.whl (37 kB)
Using cached idna-3.11-py3-none-any.whl (71 kB)
Downloading propcache-0.4.1-cp314-cp314-manylinux2014_x86_64.manylinux_2_17_x86_64.manylinux_2_28_x86_64.whl (201 kB)
Downloading six-1.17.0-py2.py3-none-any.whl (11 kB)
Downloading sniffio-1.3.1-py3-none-any.whl (10 kB)
Downloading tzlocal-5.3.1-py3-none-any.whl (18 kB)
Downloading pytz-2025.2-py2.py3-none-any.whl (509 kB)
Building wheels for collected packages: asyncpg, aiohttp, pydantic-core
  Building wheel for asyncpg (pyproject.toml): started
  Building wheel for asyncpg (pyproject.toml): finished with status 'error'
  error: subprocess-exited-with-error
  
  × Building wheel for asyncpg (pyproject.toml) did not run successfully.
  │ exit code: 1
  ╰─> [244 lines of output]
      /tmp/pip-build-env-tbkl8mu3/overlay/lib/python3.14/site-packages/setuptools/config/_apply_pyprojecttoml.py:82: SetuptoolsDeprecationWarning: `project.license` as a TOML table is deprecated
      !!
      
              ********************************************************************************
              Please use a simple string containing a SPDX expression for `project.license`. You can also use `project.license-files`. (Both options available on setuptools>=77.0.0).
      
              By 2026-Feb-18, you need to update your project and remove deprecated calls
              or your builds will no longer be supported.
      
              See https://packaging.python.org/en/latest/guides/writing-pyproject-toml/#license for details.
              ********************************************************************************
      
      !!
        corresp(dist, value, root_dir)
      /tmp/pip-build-env-tbkl8mu3/overlay/lib/python3.14/site-packages/setuptools/config/_apply_pyprojecttoml.py:61: SetuptoolsDeprecationWarning: License classifiers are deprecated.
      !!
      
              ********************************************************************************
              Please consider removing the following classifiers in favor of a SPDX license expression:
      
              License :: OSI Approved :: Apache Software License
      
              See https://packaging.python.org/en/latest/guides/writing-pyproject-toml/#license for details.
              ********************************************************************************
      
      !!
        dist._finalize_license_expression()
      /tmp/pip-build-env-tbkl8mu3/overlay/lib/python3.14/site-packages/setuptools/dist.py:765: SetuptoolsDeprecationWarning: License classifiers are deprecated.
      !!
      
              ********************************************************************************
              Please consider removing the following classifiers in favor of a SPDX license expression:
      
              License :: OSI Approved :: Apache Software License
      
              See https://packaging.python.org/en/latest/guides/writing-pyproject-toml/#license for details.
              ********************************************************************************
      
      !!
        self._finalize_license_expression()
      running bdist_wheel
      running build
      running build_py
      creating build/lib.linux-x86_64-cpython-314/asyncpg
      copying asyncpg/utils.py -> build/lib.linux-x86_64-cpython-314/asyncpg
      copying asyncpg/types.py -> build/lib.linux-x86_64-cpython-314/asyncpg
      copying asyncpg/transaction.py -> build/lib.linux-x86_64-cpython-314/asyncpg
      copying asyncpg/serverversion.py -> build/lib.linux-x86_64-cpython-314/asyncpg
      copying asyncpg/prepared_stmt.py -> build/lib.linux-x86_64-cpython-314/asyncpg
      copying asyncpg/pool.py -> build/lib.linux-x86_64-cpython-314/asyncpg
      copying asyncpg/introspection.py -> build/lib.linux-x86_64-cpython-314/asyncpg
      copying asyncpg/cursor.py -> build/lib.linux-x86_64-cpython-314/asyncpg
      copying asyncpg/connresource.py -> build/lib.linux-x86_64-cpython-314/asyncpg
      copying asyncpg/connection.py -> build/lib.linux-x86_64-cpython-314/asyncpg
      copying asyncpg/connect_utils.py -> build/lib.linux-x86_64-cpython-314/asyncpg
      copying asyncpg/compat.py -> build/lib.linux-x86_64-cpython-314/asyncpg
      copying asyncpg/cluster.py -> build/lib.linux-x86_64-cpython-314/asyncpg
      copying asyncpg/_version.py -> build/lib.linux-x86_64-cpython-314/asyncpg
      copying asyncpg/_asyncio_compat.py -> build/lib.linux-x86_64-cpython-314/asyncpg
      copying asyncpg/__init__.py -> build/lib.linux-x86_64-cpython-314/asyncpg
      creating build/lib.linux-x86_64-cpython-314/asyncpg/protocol
      copying asyncpg/protocol/__init__.py -> build/lib.linux-x86_64-cpython-314/asyncpg/protocol
      creating build/lib.linux-x86_64-cpython-314/asyncpg/pgproto
      copying asyncpg/pgproto/types.py -> build/lib.linux-x86_64-cpython-314/asyncpg/pgproto
      copying asyncpg/pgproto/__init__.py -> build/lib.linux-x86_64-cpython-314/asyncpg/pgproto
      creating build/lib.linux-x86_64-cpython-314/asyncpg/exceptions
      copying asyncpg/exceptions/_base.py -> build/lib.linux-x86_64-cpython-314/asyncpg/exceptions
      copying asyncpg/exceptions/__init__.py -> build/lib.linux-x86_64-cpython-314/asyncpg/exceptions
      creating build/lib.linux-x86_64-cpython-314/asyncpg/_testbase
      copying asyncpg/_testbase/fuzzer.py -> build/lib.linux-x86_64-cpython-314/asyncpg/_testbase
      copying asyncpg/_testbase/__init__.py -> build/lib.linux-x86_64-cpython-314/asyncpg/_testbase
      creating build/lib.linux-x86_64-cpython-314/asyncpg/protocol/codecs
      copying asyncpg/protocol/codecs/__init__.py -> build/lib.linux-x86_64-cpython-314/asyncpg/protocol/codecs
      running egg_info
      writing asyncpg.egg-info/PKG-INFO
      writing dependency_links to asyncpg.egg-info/dependency_links.txt
      writing requirements to asyncpg.egg-info/requires.txt
      writing top-level names to asyncpg.egg-info/top_level.txt
      reading manifest file 'asyncpg.egg-info/SOURCES.txt'
      reading manifest template 'MANIFEST.in'
      warning: no files found matching '*.py' under directory 'examples'
      adding license file 'LICENSE'
      adding license file 'AUTHORS'
      writing manifest file 'asyncpg.egg-info/SOURCES.txt'
      copying asyncpg/protocol/consts.pxi -> build/lib.linux-x86_64-cpython-314/asyncpg/protocol
      copying asyncpg/protocol/coreproto.pxd -> build/lib.linux-x86_64-cpython-314/asyncpg/protocol
      copying asyncpg/protocol/coreproto.pyx -> build/lib.linux-x86_64-cpython-314/asyncpg/protocol
      copying asyncpg/protocol/cpythonx.pxd -> build/lib.linux-x86_64-cpython-314/asyncpg/protocol
      copying asyncpg/protocol/encodings.pyx -> build/lib.linux-x86_64-cpython-314/asyncpg/protocol
      copying asyncpg/protocol/pgtypes.pxi -> build/lib.linux-x86_64-cpython-314/asyncpg/protocol
      copying asyncpg/protocol/prepared_stmt.pxd -> build/lib.linux-x86_64-cpython-314/asyncpg/protocol
      copying asyncpg/protocol/prepared_stmt.pyx -> build/lib.linux-x86_64-cpython-314/asyncpg/protocol
      copying asyncpg/protocol/protocol.pxd -> build/lib.linux-x86_64-cpython-314/asyncpg/protocol
      copying asyncpg/protocol/protocol.pyx -> build/lib.linux-x86_64-cpython-314/asyncpg/protocol
      copying asyncpg/protocol/scram.pxd -> build/lib.linux-x86_64-cpython-314/asyncpg/protocol
      copying asyncpg/protocol/scram.pyx -> build/lib.linux-x86_64-cpython-314/asyncpg/protocol
      copying asyncpg/protocol/settings.pxd -> build/lib.linux-x86_64-cpython-314/asyncpg/protocol
      copying asyncpg/protocol/settings.pyx -> build/lib.linux-x86_64-cpython-314/asyncpg/protocol
      copying asyncpg/pgproto/__init__.pxd -> build/lib.linux-x86_64-cpython-314/asyncpg/pgproto
      copying asyncpg/pgproto/buffer.pxd -> build/lib.linux-x86_64-cpython-314/asyncpg/pgproto
      copying asyncpg/pgproto/buffer.pyx -> build/lib.linux-x86_64-cpython-314/asyncpg/pgproto
      copying asyncpg/pgproto/consts.pxi -> build/lib.linux-x86_64-cpython-314/asyncpg/pgproto
      copying asyncpg/pgproto/cpythonx.pxd -> build/lib.linux-x86_64-cpython-314/asyncpg/pgproto
      copying asyncpg/pgproto/debug.pxd -> build/lib.linux-x86_64-cpython-314/asyncpg/pgproto
      copying asyncpg/pgproto/frb.pxd -> build/lib.linux-x86_64-cpython-314/asyncpg/pgproto
      copying asyncpg/pgproto/frb.pyx -> build/lib.linux-x86_64-cpython-314/asyncpg/pgproto
      copying asyncpg/pgproto/hton.pxd -> build/lib.linux-x86_64-cpython-314/asyncpg/pgproto
      copying asyncpg/pgproto/pgproto.pxd -> build/lib.linux-x86_64-cpython-314/asyncpg/pgproto
      copying asyncpg/pgproto/pgproto.pyx -> build/lib.linux-x86_64-cpython-314/asyncpg/pgproto
      copying asyncpg/pgproto/tohex.pxd -> build/lib.linux-x86_64-cpython-314/asyncpg/pgproto
      copying asyncpg/pgproto/uuid.pyx -> build/lib.linux-x86_64-cpython-314/asyncpg/pgproto
      creating build/lib.linux-x86_64-cpython-314/asyncpg/protocol/record
      copying asyncpg/protocol/record/__init__.pxd -> build/lib.linux-x86_64-cpython-314/asyncpg/protocol/record
      copying asyncpg/protocol/codecs/array.pyx -> build/lib.linux-x86_64-cpython-314/asyncpg/protocol/codecs
      copying asyncpg/protocol/codecs/base.pxd -> build/lib.linux-x86_64-cpython-314/asyncpg/protocol/codecs
      copying asyncpg/protocol/codecs/base.pyx -> build/lib.linux-x86_64-cpython-314/asyncpg/protocol/codecs
      copying asyncpg/protocol/codecs/pgproto.pyx -> build/lib.linux-x86_64-cpython-314/asyncpg/protocol/codecs
      copying asyncpg/protocol/codecs/range.pyx -> build/lib.linux-x86_64-cpython-314/asyncpg/protocol/codecs
      copying asyncpg/protocol/codecs/record.pyx -> build/lib.linux-x86_64-cpython-314/asyncpg/protocol/codecs
      copying asyncpg/protocol/codecs/textutils.pyx -> build/lib.linux-x86_64-cpython-314/asyncpg/protocol/codecs
      creating build/lib.linux-x86_64-cpython-314/asyncpg/pgproto/codecs
      copying asyncpg/pgproto/codecs/__init__.pxd -> build/lib.linux-x86_64-cpython-314/asyncpg/pgproto/codecs
      copying asyncpg/pgproto/codecs/bits.pyx -> build/lib.linux-x86_64-cpython-314/asyncpg/pgproto/codecs
      copying asyncpg/pgproto/codecs/bytea.pyx -> build/lib.linux-x86_64-cpython-314/asyncpg/pgproto/codecs
      copying asyncpg/pgproto/codecs/context.pyx -> build/lib.linux-x86_64-cpython-314/asyncpg/pgproto/codecs
      copying asyncpg/pgproto/codecs/datetime.pyx -> build/lib.linux-x86_64-cpython-314/asyncpg/pgproto/codecs
      copying asyncpg/pgproto/codecs/float.pyx -> build/lib.linux-x86_64-cpython-314/asyncpg/pgproto/codecs
      copying asyncpg/pgproto/codecs/geometry.pyx -> build/lib.linux-x86_64-cpython-314/asyncpg/pgproto/codecs
      copying asyncpg/pgproto/codecs/hstore.pyx -> build/lib.linux-x86_64-cpython-314/asyncpg/pgproto/codecs
      copying asyncpg/pgproto/codecs/int.pyx -> build/lib.linux-x86_64-cpython-314/asyncpg/pgproto/codecs
      copying asyncpg/pgproto/codecs/json.pyx -> build/lib.linux-x86_64-cpython-314/asyncpg/pgproto/codecs
      copying asyncpg/pgproto/codecs/jsonpath.pyx -> build/lib.linux-x86_64-cpython-314/asyncpg/pgproto/codecs
      copying asyncpg/pgproto/codecs/misc.pyx -> build/lib.linux-x86_64-cpython-314/asyncpg/pgproto/codecs
      copying asyncpg/pgproto/codecs/network.pyx -> build/lib.linux-x86_64-cpython-314/asyncpg/pgproto/codecs
      copying asyncpg/pgproto/codecs/numeric.pyx -> build/lib.linux-x86_64-cpython-314/asyncpg/pgproto/codecs
      copying asyncpg/pgproto/codecs/pg_snapshot.pyx -> build/lib.linux-x86_64-cpython-314/asyncpg/pgproto/codecs
      copying asyncpg/pgproto/codecs/text.pyx -> build/lib.linux-x86_64-cpython-314/asyncpg/pgproto/codecs
      copying asyncpg/pgproto/codecs/tid.pyx -> build/lib.linux-x86_64-cpython-314/asyncpg/pgproto/codecs
      copying asyncpg/pgproto/codecs/uuid.pyx -> build/lib.linux-x86_64-cpython-314/asyncpg/pgproto/codecs
      running build_ext
      building 'asyncpg.pgproto.pgproto' extension
      creating build/temp.linux-x86_64-cpython-314/asyncpg/pgproto
      gcc -fno-strict-overflow -Wsign-compare -DDYNAMIC_ANNOTATIONS_ENABLED=1 -DNDEBUG -fexceptions -fcf-protection -fexceptions -fcf-protection -fexceptions -fcf-protection -O3 -fPIC -I/home/yeronym/Documents/fmBot/football-manager/venv/include -I/usr/include/python3.14 -c asyncpg/pgproto/pgproto.c -o build/temp.linux-x86_64-cpython-314/asyncpg/pgproto/pgproto.o -O2 -fsigned-char -Wall -Wsign-compare -Wconversion
      asyncpg/pgproto/pgproto.c:864:1: warning: ‘Py_UNICODE’ is deprecated [-Wdeprecated-declarations]
        864 | static CYTHON_INLINE size_t __Pyx_Py_UNICODE_strlen(const Py_UNICODE *u) {
            | ^~~~~~
      asyncpg/pgproto/pgproto.c: In function ‘__Pyx_Py_UNICODE_strlen’:
      asyncpg/pgproto/pgproto.c:865:5: warning: ‘Py_UNICODE’ is deprecated [-Wdeprecated-declarations]
        865 |     const Py_UNICODE *u_end = u;
            |     ^~~~~
      asyncpg/pgproto/pgproto.c: In function ‘__Pyx_init_assertions_enabled’:
      asyncpg/pgproto/pgproto.c:1667:39: error: implicit declaration of function ‘_PyInterpreterState_GetConfig’; did you mean ‘PyInterpreterState_GetID’? [-Wimplicit-function-declaration]
       1667 |     __pyx_assertions_enabled_flag = ! _PyInterpreterState_GetConfig(__Pyx_PyThreadState_Current->interp)->optimization_level;
            |                                       ^~~~~~~~~~~~~~~~~~~~~~~~~~~~~
            |                                       PyInterpreterState_GetID
      asyncpg/pgproto/pgproto.c:1667:105: error: invalid type argument of ‘->’ (have ‘int’)
       1667 |     __pyx_assertions_enabled_flag = ! _PyInterpreterState_GetConfig(__Pyx_PyThreadState_Current->interp)->optimization_level;
            |                                                                                                         ^~
      asyncpg/pgproto/pgproto.c: In function ‘__Pyx_PyUnicode_Join’:
      asyncpg/pgproto/pgproto.c:38932:13: error: implicit declaration of function ‘_PyUnicode_FastCopyCharacters’; did you mean ‘PyUnicode_CopyCharacters’? [-Wimplicit-function-declaration]
      38932 |             _PyUnicode_FastCopyCharacters(result_uval, char_pos, uval, 0, ulength);
            |             ^~~~~~~~~~~~~~~~~~~~~~~~~~~~~
            |             PyUnicode_CopyCharacters
      asyncpg/pgproto/pgproto.c: In function ‘__Pyx_PyInt_As_int’:
      asyncpg/pgproto/pgproto.c:41809:27: error: too few arguments to function ‘_PyLong_AsByteArray’; expected 6, have 5
      41809 |                 int ret = _PyLong_AsByteArray((PyLongObject *)v,
            |                           ^~~~~~~~~~~~~~~~~~~
      In file included from /usr/include/python3.14/longobject.h:171,
                       from /usr/include/python3.14/Python.h:92,
                       from asyncpg/pgproto/pgproto.c:33:
      /usr/include/python3.14/cpython/longobject.h:84:17: note: declared here
         84 | PyAPI_FUNC(int) _PyLong_AsByteArray(PyLongObject* v,
            |                 ^~~~~~~~~~~~~~~~~~~
      asyncpg/pgproto/pgproto.c: In function ‘__Pyx_PyInt_As_int64_t’:
      asyncpg/pgproto/pgproto.c:42043:27: error: too few arguments to function ‘_PyLong_AsByteArray’; expected 6, have 5
      42043 |                 int ret = _PyLong_AsByteArray((PyLongObject *)v,
            |                           ^~~~~~~~~~~~~~~~~~~
      /usr/include/python3.14/cpython/longobject.h:84:17: note: declared here
         84 | PyAPI_FUNC(int) _PyLong_AsByteArray(PyLongObject* v,
            |                 ^~~~~~~~~~~~~~~~~~~
      asyncpg/pgproto/pgproto.c: In function ‘__Pyx_PyInt_As_int32_t’:
      asyncpg/pgproto/pgproto.c:42239:27: error: too few arguments to function ‘_PyLong_AsByteArray’; expected 6, have 5
      42239 |                 int ret = _PyLong_AsByteArray((PyLongObject *)v,
            |                           ^~~~~~~~~~~~~~~~~~~
      /usr/include/python3.14/cpython/longobject.h:84:17: note: declared here
         84 | PyAPI_FUNC(int) _PyLong_AsByteArray(PyLongObject* v,
            |                 ^~~~~~~~~~~~~~~~~~~
      asyncpg/pgproto/pgproto.c: In function ‘__Pyx_PyInt_As_long’:
      asyncpg/pgproto/pgproto.c:42435:27: error: too few arguments to function ‘_PyLong_AsByteArray’; expected 6, have 5
      42435 |                 int ret = _PyLong_AsByteArray((PyLongObject *)v,
            |                           ^~~~~~~~~~~~~~~~~~~
      /usr/include/python3.14/cpython/longobject.h:84:17: note: declared here
         84 | PyAPI_FUNC(int) _PyLong_AsByteArray(PyLongObject* v,
            |                 ^~~~~~~~~~~~~~~~~~~
      asyncpg/pgproto/pgproto.c: In function ‘__Pyx_PyInt_As_unsigned_char’:
      asyncpg/pgproto/pgproto.c:42745:27: error: too few arguments to function ‘_PyLong_AsByteArray’; expected 6, have 5
      42745 |                 int ret = _PyLong_AsByteArray((PyLongObject *)v,
            |                           ^~~~~~~~~~~~~~~~~~~
      /usr/include/python3.14/cpython/longobject.h:84:17: note: declared here
         84 | PyAPI_FUNC(int) _PyLong_AsByteArray(PyLongObject* v,
            |                 ^~~~~~~~~~~~~~~~~~~
      asyncpg/pgproto/pgproto.c: In function ‘__Pyx_PyInt_As_int16_t’:
      asyncpg/pgproto/pgproto.c:43055:27: error: too few arguments to function ‘_PyLong_AsByteArray’; expected 6, have 5
      43055 |                 int ret = _PyLong_AsByteArray((PyLongObject *)v,
            |                           ^~~~~~~~~~~~~~~~~~~
      /usr/include/python3.14/cpython/longobject.h:84:17: note: declared here
         84 | PyAPI_FUNC(int) _PyLong_AsByteArray(PyLongObject* v,
            |                 ^~~~~~~~~~~~~~~~~~~
      asyncpg/pgproto/pgproto.c: In function ‘__Pyx_PyInt_As_char’:
      asyncpg/pgproto/pgproto.c:43289:27: error: too few arguments to function ‘_PyLong_AsByteArray’; expected 6, have 5
      43289 |                 int ret = _PyLong_AsByteArray((PyLongObject *)v,
            |                           ^~~~~~~~~~~~~~~~~~~
      /usr/include/python3.14/cpython/longobject.h:84:17: note: declared here
         84 | PyAPI_FUNC(int) _PyLong_AsByteArray(PyLongObject* v,
            |                 ^~~~~~~~~~~~~~~~~~~
      asyncpg/pgproto/pgproto.c: In function ‘__Pyx_PyInt_As_int8_t’:
      asyncpg/pgproto/pgproto.c:43485:27: error: too few arguments to function ‘_PyLong_AsByteArray’; expected 6, have 5
      43485 |                 int ret = _PyLong_AsByteArray((PyLongObject *)v,
            |                           ^~~~~~~~~~~~~~~~~~~
      /usr/include/python3.14/cpython/longobject.h:84:17: note: declared here
         84 | PyAPI_FUNC(int) _PyLong_AsByteArray(PyLongObject* v,
            |                 ^~~~~~~~~~~~~~~~~~~
      asyncpg/pgproto/pgproto.c: In function ‘__Pyx_PyInt_As_uint32_t’:
      asyncpg/pgproto/pgproto.c:43719:27: error: too few arguments to function ‘_PyLong_AsByteArray’; expected 6, have 5
      43719 |                 int ret = _PyLong_AsByteArray((PyLongObject *)v,
            |                           ^~~~~~~~~~~~~~~~~~~
      /usr/include/python3.14/cpython/longobject.h:84:17: note: declared here
         84 | PyAPI_FUNC(int) _PyLong_AsByteArray(PyLongObject* v,
            |                 ^~~~~~~~~~~~~~~~~~~
      asyncpg/pgproto/pgproto.c: In function ‘__Pyx_PyInt_As_uint64_t’:
      asyncpg/pgproto/pgproto.c:43915:27: error: too few arguments to function ‘_PyLong_AsByteArray’; expected 6, have 5
      43915 |                 int ret = _PyLong_AsByteArray((PyLongObject *)v,
            |                           ^~~~~~~~~~~~~~~~~~~
      /usr/include/python3.14/cpython/longobject.h:84:17: note: declared here
         84 | PyAPI_FUNC(int) _PyLong_AsByteArray(PyLongObject* v,
            |                 ^~~~~~~~~~~~~~~~~~~
      asyncpg/pgproto/pgproto.c: At top level:
      asyncpg/pgproto/pgproto.c:23994:18: warning: ‘__pyx_f_7asyncpg_7pgproto_7pgproto_json_decode’ defined but not used [-Wunused-function]
      23994 | static PyObject *__pyx_f_7asyncpg_7pgproto_7pgproto_json_decode(struct __pyx_obj_7asyncpg_7pgproto_7pgproto_CodecContext *__pyx_v_settings, struct __pyx_t_7asyncpg_7pgproto_7pgproto_FRBuffer *__pyx_v_buf) {
            |                  ^~~~~~~~~~~~~~~~~~~~~~~~~~~~~~~~~~~~~~~~~~~~~~
      asyncpg/pgproto/pgproto.c:23886:18: warning: ‘__pyx_f_7asyncpg_7pgproto_7pgproto_json_encode’ defined but not used [-Wunused-function]
      23886 | static PyObject *__pyx_f_7asyncpg_7pgproto_7pgproto_json_encode(struct __pyx_obj_7asyncpg_7pgproto_7pgproto_CodecContext *__pyx_v_settings, struct __pyx_obj_7asyncpg_7pgproto_7pgproto_WriteBuffer *__pyx_v_buf, PyObject *__pyx_v_obj) {
            |                  ^~~~~~~~~~~~~~~~~~~~~~~~~~~~~~~~~~~~~~~~~~~~~~
      error: command '/usr/bin/gcc' failed with exit code 1
      [end of output]
  
  note: This error originates from a subprocess, and is likely not a problem with pip.
  ERROR: Failed building wheel for asyncpg
  Building wheel for aiohttp (pyproject.toml): started
  Building wheel for aiohttp (pyproject.toml): finished with status 'done'
  Created wheel for aiohttp: filename=aiohttp-3.10.11-cp314-cp314-linux_x86_64.whl size=442341 sha256=fd43e962cc303031b2d8c5863ceef753f9fe8ba8d09ce9aa7bc6488a86fd23d2
  Stored in directory: /home/yeronym/.cache/pip/wheels/3c/51/81/ffbdba037295a00d7e6b19559f1751a5f51e97f9fa2a59dfe9
  Building wheel for pydantic-core (pyproject.toml): started
  Building wheel for pydantic-core (pyproject.toml): finished with status 'error'
  error: subprocess-exited-with-error
  
  × Building wheel for pydantic-core (pyproject.toml) did not run successfully.
  │ exit code: 1
  ╰─> [128 lines of output]
      Running `maturin pep517 build-wheel -i /home/yeronym/Documents/fmBot/football-manager/venv/bin/python3 --compatibility off`
      Python reports SOABI: cpython-314-x86_64-linux-gnu
      Computed rustc target triple: x86_64-unknown-linux-gnu
      Installation directory: /home/yeronym/.cache/puccinialin
      Rustup already downloaded
      Installing rust to /home/yeronym/.cache/puccinialin/rustup
      warn: It looks like you have an existing rustup settings file at:
      warn: /home/yeronym/.rustup/settings.toml
      warn: Rustup will install the default toolchain as specified in the settings file,
      warn: instead of the one inferred from the default host triple.
      info: profile set to 'minimal'
      info: default host triple is x86_64-unknown-linux-gnu
      warn: Updating existing toolchain, profile choice will be ignored
      info: syncing channel updates for 'stable-x86_64-unknown-linux-gnu'
      info: default toolchain set to 'stable-x86_64-unknown-linux-gnu'
      Checking if cargo is installed
      cargo 1.92.0 (344c4567c 2025-10-21)
      📦 Including license file `LICENSE`
      🍹 Building a mixed python/rust project
      🔗 Found pyo3 bindings
      🐍 Found CPython 3.14 at /home/yeronym/Documents/fmBot/football-manager/venv/bin/python3
      📡 Using build options features, bindings from pyproject.toml
         Compiling proc-macro2 v1.0.86
         Compiling unicode-ident v1.0.12
         Compiling target-lexicon v0.12.14
         Compiling python3-dll-a v0.2.10
         Compiling once_cell v1.19.0
         Compiling stable_deref_trait v1.2.0
         Compiling autocfg v1.3.0
         Compiling heck v0.5.0
         Compiling libc v0.2.155
         Compiling litemap v0.7.3
         Compiling version_check v0.9.5
         Compiling writeable v0.5.5
         Compiling rustversion v1.0.17
         Compiling radium v0.7.0
         Compiling memchr v2.7.4
         Compiling static_assertions v1.1.0
         Compiling icu_locid_transform_data v1.5.0
         Compiling cfg-if v1.0.0
         Compiling tinyvec_macros v0.1.1
         Compiling lexical-util v0.8.5
         Compiling serde v1.0.209
         Compiling tinyvec v1.6.1
         Compiling smallvec v1.13.2
         Compiling tap v1.0.1
         Compiling icu_properties_data v1.5.0
         Compiling wyz v0.5.1
         Compiling unindent v0.2.3
         Compiling ahash v0.8.11
         Compiling regex-syntax v0.8.4
         Compiling num-traits v0.2.19
         Compiling memoffset v0.9.1
         Compiling percent-encoding v2.3.1
         Compiling hashbrown v0.14.5
         Compiling indoc v2.0.5
         Compiling utf8_iter v1.0.4
         Compiling funty v2.0.0
         Compiling icu_normalizer_data v1.5.0
         Compiling equivalent v1.0.1
         Compiling serde_json v1.0.128
         Compiling zerocopy v0.7.34
         Compiling utf16_iter v1.0.5
         Compiling write16 v1.0.0
         Compiling unicode-bidi v0.3.15
         Compiling form_urlencoded v1.2.1
         Compiling ryu v1.0.18
         Compiling quote v1.0.36
         Compiling pyo3-build-config v0.22.2
         Compiling aho-corasick v1.1.3
         Compiling getrandom v0.2.15
         Compiling itoa v1.0.11
         Compiling hex v0.4.3
         Compiling syn v2.0.68
         Compiling bitvec v1.0.1
         Compiling lexical-parse-integer v0.8.6
         Compiling uuid v1.10.0
         Compiling unicode-normalization v0.1.23
         Compiling base64 v0.22.1
         Compiling num-integer v0.1.46
         Compiling lexical-parse-float v0.8.5
         Compiling indexmap v2.2.6
         Compiling num-bigint v0.4.6
         Compiling idna v0.5.0
         Compiling pyo3-macros-backend v0.22.2
         Compiling pyo3-ffi v0.22.2
         Compiling pyo3 v0.22.2
         Compiling jiter v0.5.0
         Compiling pydantic-core v2.23.4 (/tmp/pip-install-pkqqshdq/pydantic-core_b2f098a24890424795f98abbb71f21b0)
         Compiling url v2.5.2
      error: failed to run custom build command for `pyo3-ffi v0.22.2`
      
      Caused by:
        process didn't exit successfully: `/tmp/pip-install-pkqqshdq/pydantic-core_b2f098a24890424795f98abbb71f21b0/target/release/build/pyo3-ffi-2082529146f74773/build-script-build` (exit status: 1)
        --- stdout
        cargo:rustc-check-cfg=cfg(Py_LIMITED_API)
        cargo:rustc-check-cfg=cfg(PyPy)
        cargo:rustc-check-cfg=cfg(GraalPy)
        cargo:rustc-check-cfg=cfg(py_sys_config, values("Py_DEBUG", "Py_REF_DEBUG", "Py_TRACE_REFS", "COUNT_ALLOCS"))
        cargo:rustc-check-cfg=cfg(invalid_from_utf8_lint)
        cargo:rustc-check-cfg=cfg(pyo3_disable_reference_pool)
        cargo:rustc-check-cfg=cfg(pyo3_leak_on_drop_without_reference_pool)
        cargo:rustc-check-cfg=cfg(diagnostic_namespace)
        cargo:rustc-check-cfg=cfg(c_str_lit)
        cargo:rustc-check-cfg=cfg(Py_3_7)
        cargo:rustc-check-cfg=cfg(Py_3_8)
        cargo:rustc-check-cfg=cfg(Py_3_9)
        cargo:rustc-check-cfg=cfg(Py_3_10)
        cargo:rustc-check-cfg=cfg(Py_3_11)
        cargo:rustc-check-cfg=cfg(Py_3_12)
        cargo:rustc-check-cfg=cfg(Py_3_13)
        cargo:rerun-if-env-changed=PYO3_CROSS
        cargo:rerun-if-env-changed=PYO3_CROSS_LIB_DIR
        cargo:rerun-if-env-changed=PYO3_CROSS_PYTHON_VERSION
        cargo:rerun-if-env-changed=PYO3_CROSS_PYTHON_IMPLEMENTATION
        cargo:rerun-if-env-changed=PYO3_PRINT_CONFIG
        cargo:rerun-if-env-changed=PYO3_USE_ABI3_FORWARD_COMPATIBILITY
      
        --- stderr
        error: the configured Python interpreter version (3.14) is newer than PyO3's maximum supported version (3.13)
        = help: please check if an updated version of PyO3 is available. Current version: 0.22.2
        = help: set PYO3_USE_ABI3_FORWARD_COMPATIBILITY=1 to suppress this check and build anyway using the stable ABI
      warning: build failed, waiting for other jobs to finish...
      💥 maturin failed
        Caused by: Failed to build a native library through cargo
        Caused by: Cargo build finished with "exit status: 101": `env -u CARGO PYO3_BUILD_EXTENSION_MODULE="1" PYO3_ENVIRONMENT_SIGNATURE="cpython-3.14-64bit" PYO3_PYTHON="/home/yeronym/Documents/fmBot/football-manager/venv/bin/python3" PYTHON_SYS_EXECUTABLE="/home/yeronym/Documents/fmBot/football-manager/venv/bin/python3" "cargo" "rustc" "--profile" "release" "--features" "pyo3/extension-module" "--message-format" "json-render-diagnostics" "--manifest-path" "/tmp/pip-install-pkqqshdq/pydantic-core_b2f098a24890424795f98abbb71f21b0/Cargo.toml" "--lib" "--crate-type" "cdylib"`
      Rust not found, installing into a temporary directory
      Error: command ['maturin', 'pep517', 'build-wheel', '-i', '/home/yeronym/Documents/fmBot/football-manager/venv/bin/python3', '--compatibility', 'off'] returned non-zero exit status 1
      [end of output]
  
  note: This error originates from a subprocess, and is likely not a problem with pip.
  ERROR: Failed building wheel for pydantic-core
Successfully built aiohttp
Failed to build asyncpg pydantic-core

[notice] A new release of pip is available: 25.1.1 -> 25.3
[notice] To update, run: pip install --upgrade pip
ERROR: Failed to build installable wheels for some pyproject.toml based projects (asyncpg, pydantic-core)
